04/12/25 16:53:35 Xvnc version TightVNC-1.3.10
04/12/25 16:53:35 Copyright (C) 2000-2009 TightVNC Group
04/12/25 16:53:35 Copyright (C) 1999 AT&T Laboratories Cambridge
04/12/25 16:53:35 All Rights Reserved.
04/12/25 16:53:35 See http://www.tightvnc.com/ for information on TightVNC
04/12/25 16:53:35 Desktop name 'X' (2b3966cefb24:1)
04/12/25 16:53:35 Protocol versions supported: 3.3, 3.7, 3.8, 3.7t, 3.8t
04/12/25 16:53:35 Listening for VNC connections on TCP port 5901
Font directory '/usr/share/fonts/X11/Type1/' not found - ignoring
Font directory '/usr/share/fonts/X11/75dpi/' not found - ignoring
Font directory '/usr/share/fonts/X11/100dpi/' not found - ignoring
xrdb: No such file or directory
xrdb: can't open file '/home/user/.Xresources'

04/12/25 16:54:33 Got connection from client 172.17.0.1
04/12/25 16:54:33 Using protocol version 3.3
04/12/25 16:54:33 Full-control authentication passed by 172.17.0.1
04/12/25 16:54:33 rfbProcessClientNormalMessage: ignoring unknown encoding 1011
04/12/25 16:54:33 rfbProcessClientNormalMessage: ignoring unknown encoding 1002
04/12/25 16:54:33 Using zlib encoding for client 172.17.0.1
04/12/25 16:54:33 rfbProcessClientNormalMessage: ignoring unknown encoding 16
04/12/25 16:54:33 Enabling full-color cursor updates for client 172.17.0.1
04/12/25 16:54:33 rfbProcessClientNormalMessage: ignoring unknown encoding 1104
04/12/25 16:54:33 rfbProcessClientNormalMessage: ignoring unknown encoding 1100
04/12/25 16:54:33 rfbProcessClientNormalMessage: ignoring unknown encoding -223
04/12/25 16:54:33 rfbProcessClientNormalMessage: ignoring unknown encoding 1101
04/12/25 16:54:33 rfbProcessClientNormalMessage: ignoring unknown encoding 1105
04/12/25 16:54:33 rfbProcessClientNormalMessage: ignoring unknown encoding 1107
04/12/25 16:54:33 rfbProcessClientNormalMessage: ignoring unknown encoding 1109
04/12/25 16:54:33 rfbProcessClientNormalMessage: ignoring unknown encoding 1110
04/12/25 16:54:33 Pixel format for client 172.17.0.1:
04/12/25 16:54:33   32 bpp, depth 32, little endian
04/12/25 16:54:33   true colour: max r 255 g 255 b 255, shift r 16 g 8 b 0
04/12/25 16:54:33 rfbProcessClientNormalMessage: ignoring unknown encoding 1011
04/12/25 16:54:33 rfbProcessClientNormalMessage: ignoring unknown encoding 1002
04/12/25 16:54:33 Using zlib encoding for client 172.17.0.1
04/12/25 16:54:33 rfbProcessClientNormalMessage: ignoring unknown encoding 16
04/12/25 16:54:33 Enabling full-color cursor updates for client 172.17.0.1
04/12/25 16:54:33 rfbProcessClientNormalMessage: ignoring unknown encoding 1104
04/12/25 16:54:33 rfbProcessClientNormalMessage: ignoring unknown encoding 1100
04/12/25 16:54:33 rfbProcessClientNormalMessage: ignoring unknown encoding -223
04/12/25 16:54:33 rfbProcessClientNormalMessage: ignoring unknown encoding 1101
04/12/25 16:54:33 rfbProcessClientNormalMessage: ignoring unknown encoding 1105
04/12/25 16:54:33 rfbProcessClientNormalMessage: ignoring unknown encoding 1107
04/12/25 16:54:33 rfbProcessClientNormalMessage: ignoring unknown encoding 1109
04/12/25 16:54:33 rfbProcessClientNormalMessage: ignoring unknown encoding 1110
04/12/25 17:47:49 KbdAddEvent: unknown KeySym 0x1000437 - allocating KeyCode 89
04/12/25 17:47:52 KbdAddEvent: unknown KeySym 0x100044c - allocating KeyCode 90
04/12/25 17:47:58 KbdAddEvent: unknown KeySym 0x1000433 - allocating KeyCode 91
06/12/25 05:31:10 KbdAddEvent: unknown KeySym 0xffe5 - allocating KeyCode 92
