21/10/25 19:12:13 Xvnc version TightVNC-1.3.10
21/10/25 19:12:13 Copyright (C) 2000-2009 TightVNC Group
21/10/25 19:12:13 Copyright (C) 1999 AT&T Laboratories Cambridge
21/10/25 19:12:13 All Rights Reserved.
21/10/25 19:12:13 See http://www.tightvnc.com/ for information on TightVNC
21/10/25 19:12:13 Desktop name 'X' (4c8ca0247293:1)
21/10/25 19:12:13 Protocol versions supported: 3.3, 3.7, 3.8, 3.7t, 3.8t
21/10/25 19:12:13 Listening for VNC connections on TCP port 5901
Font directory '/usr/share/fonts/X11/Type1/' not found - ignoring
Font directory '/usr/share/fonts/X11/75dpi/' not found - ignoring
Font directory '/usr/share/fonts/X11/100dpi/' not found - ignoring
xrdb: No such file or directory
xrdb: can't open file '/home/user/.Xresources'

21/10/25 19:12:21 Got connection from client 192.168.65.1
21/10/25 19:12:21 Using protocol version 3.3
21/10/25 19:12:21 Full-control authentication passed by 192.168.65.1
21/10/25 19:12:21 rfbProcessClientNormalMessage: ignoring unknown encoding 1011
21/10/25 19:12:21 rfbProcessClientNormalMessage: ignoring unknown encoding 1002
21/10/25 19:12:21 Using zlib encoding for client 192.168.65.1
21/10/25 19:12:21 rfbProcessClientNormalMessage: ignoring unknown encoding 16
21/10/25 19:12:21 Enabling full-color cursor updates for client 192.168.65.1
21/10/25 19:12:21 rfbProcessClientNormalMessage: ignoring unknown encoding 1104
21/10/25 19:12:21 rfbProcessClientNormalMessage: ignoring unknown encoding 1100
21/10/25 19:12:21 rfbProcessClientNormalMessage: ignoring unknown encoding -223
21/10/25 19:12:21 rfbProcessClientNormalMessage: ignoring unknown encoding 1101
21/10/25 19:12:21 rfbProcessClientNormalMessage: ignoring unknown encoding 1105
21/10/25 19:12:21 rfbProcessClientNormalMessage: ignoring unknown encoding 1107
21/10/25 19:12:21 rfbProcessClientNormalMessage: ignoring unknown encoding 1109
21/10/25 19:12:21 rfbProcessClientNormalMessage: ignoring unknown encoding 1110
21/10/25 19:12:21 Pixel format for client 192.168.65.1:
21/10/25 19:12:21   32 bpp, depth 32, little endian
21/10/25 19:12:21   true colour: max r 255 g 255 b 255, shift r 16 g 8 b 0
21/10/25 19:12:21 rfbProcessClientNormalMessage: ignoring unknown encoding 1011
21/10/25 19:12:21 rfbProcessClientNormalMessage: ignoring unknown encoding 1002
21/10/25 19:12:21 Using zlib encoding for client 192.168.65.1
21/10/25 19:12:21 rfbProcessClientNormalMessage: ignoring unknown encoding 16
21/10/25 19:12:21 Enabling full-color cursor updates for client 192.168.65.1
21/10/25 19:12:21 rfbProcessClientNormalMessage: ignoring unknown encoding 1104
21/10/25 19:12:21 rfbProcessClientNormalMessage: ignoring unknown encoding 1100
21/10/25 19:12:21 rfbProcessClientNormalMessage: ignoring unknown encoding -223
21/10/25 19:12:21 rfbProcessClientNormalMessage: ignoring unknown encoding 1101
21/10/25 19:12:21 rfbProcessClientNormalMessage: ignoring unknown encoding 1105
21/10/25 19:12:21 rfbProcessClientNormalMessage: ignoring unknown encoding 1107
21/10/25 19:12:21 rfbProcessClientNormalMessage: ignoring unknown encoding 1109
21/10/25 19:12:21 rfbProcessClientNormalMessage: ignoring unknown encoding 1110
22/10/25 03:00:45 KbdAddEvent: unknown KeySym 0xb8 - allocating KeyCode 89
