24/10/25 03:23:45 Xvnc version TightVNC-1.3.10
24/10/25 03:23:45 Copyright (C) 2000-2009 TightVNC Group
24/10/25 03:23:45 Copyright (C) 1999 AT&T Laboratories Cambridge
24/10/25 03:23:45 All Rights Reserved.
24/10/25 03:23:45 See http://www.tightvnc.com/ for information on TightVNC
24/10/25 03:23:45 Desktop name 'X' (52655c29df6c:1)
24/10/25 03:23:45 Protocol versions supported: 3.3, 3.7, 3.8, 3.7t, 3.8t
24/10/25 03:23:45 Listening for VNC connections on TCP port 5901
Font directory '/usr/share/fonts/X11/Type1/' not found - ignoring
Font directory '/usr/share/fonts/X11/75dpi/' not found - ignoring
Font directory '/usr/share/fonts/X11/100dpi/' not found - ignoring
xrdb: No such file or directory
xrdb: can't open file '/home/user/.Xresources'

24/10/25 03:23:54 Got connection from client 192.168.65.1
24/10/25 03:23:54 Using protocol version 3.3
24/10/25 03:23:54 Full-control authentication passed by 192.168.65.1
24/10/25 03:23:54 rfbProcessClientNormalMessage: ignoring unknown encoding 1011
24/10/25 03:23:54 rfbProcessClientNormalMessage: ignoring unknown encoding 1002
24/10/25 03:23:54 Using zlib encoding for client 192.168.65.1
24/10/25 03:23:54 rfbProcessClientNormalMessage: ignoring unknown encoding 16
24/10/25 03:23:54 Enabling full-color cursor updates for client 192.168.65.1
24/10/25 03:23:54 rfbProcessClientNormalMessage: ignoring unknown encoding 1104
24/10/25 03:23:54 rfbProcessClientNormalMessage: ignoring unknown encoding 1100
24/10/25 03:23:54 rfbProcessClientNormalMessage: ignoring unknown encoding -223
24/10/25 03:23:54 rfbProcessClientNormalMessage: ignoring unknown encoding 1101
24/10/25 03:23:54 rfbProcessClientNormalMessage: ignoring unknown encoding 1105
24/10/25 03:23:54 rfbProcessClientNormalMessage: ignoring unknown encoding 1107
24/10/25 03:23:54 rfbProcessClientNormalMessage: ignoring unknown encoding 1109
24/10/25 03:23:54 rfbProcessClientNormalMessage: ignoring unknown encoding 1110
24/10/25 03:23:54 Pixel format for client 192.168.65.1:
24/10/25 03:23:54   32 bpp, depth 32, little endian
24/10/25 03:23:54   true colour: max r 255 g 255 b 255, shift r 16 g 8 b 0
24/10/25 03:23:54 rfbProcessClientNormalMessage: ignoring unknown encoding 1011
24/10/25 03:23:54 rfbProcessClientNormalMessage: ignoring unknown encoding 1002
24/10/25 03:23:54 Using zlib encoding for client 192.168.65.1
24/10/25 03:23:54 rfbProcessClientNormalMessage: ignoring unknown encoding 16
24/10/25 03:23:54 Enabling full-color cursor updates for client 192.168.65.1
24/10/25 03:23:54 rfbProcessClientNormalMessage: ignoring unknown encoding 1104
24/10/25 03:23:54 rfbProcessClientNormalMessage: ignoring unknown encoding 1100
24/10/25 03:23:54 rfbProcessClientNormalMessage: ignoring unknown encoding -223
24/10/25 03:23:54 rfbProcessClientNormalMessage: ignoring unknown encoding 1101
24/10/25 03:23:54 rfbProcessClientNormalMessage: ignoring unknown encoding 1105
24/10/25 03:23:54 rfbProcessClientNormalMessage: ignoring unknown encoding 1107
24/10/25 03:23:54 rfbProcessClientNormalMessage: ignoring unknown encoding 1109
24/10/25 03:23:54 rfbProcessClientNormalMessage: ignoring unknown encoding 1110
