27/09/25 18:23:38 Xvnc version TightVNC-1.3.10
27/09/25 18:23:38 Copyright (C) 2000-2009 TightVNC Group
27/09/25 18:23:38 Copyright (C) 1999 AT&T Laboratories Cambridge
27/09/25 18:23:38 All Rights Reserved.
27/09/25 18:23:38 See http://www.tightvnc.com/ for information on TightVNC
27/09/25 18:23:38 Desktop name 'X' (8385a11adb46:1)
27/09/25 18:23:38 Protocol versions supported: 3.3, 3.7, 3.8, 3.7t, 3.8t
27/09/25 18:23:38 Listening for VNC connections on TCP port 5901
Font directory '/usr/share/fonts/X11/Type1/' not found - ignoring
Font directory '/usr/share/fonts/X11/75dpi/' not found - ignoring
Font directory '/usr/share/fonts/X11/100dpi/' not found - ignoring
xrdb: No such file or directory
xrdb: can't open file '/home/user/.Xresources'

27/09/25 18:23:49 Got connection from client 192.168.65.1
27/09/25 18:23:49 Using protocol version 3.3
27/09/25 18:23:49 Full-control authentication passed by 192.168.65.1
27/09/25 18:23:49 rfbProcessClientNormalMessage: ignoring unknown encoding 1011
27/09/25 18:23:49 rfbProcessClientNormalMessage: ignoring unknown encoding 1002
27/09/25 18:23:49 Using zlib encoding for client 192.168.65.1
27/09/25 18:23:49 rfbProcessClientNormalMessage: ignoring unknown encoding 16
27/09/25 18:23:49 Enabling full-color cursor updates for client 192.168.65.1
27/09/25 18:23:49 rfbProcessClientNormalMessage: ignoring unknown encoding 1104
27/09/25 18:23:49 rfbProcessClientNormalMessage: ignoring unknown encoding 1100
27/09/25 18:23:49 rfbProcessClientNormalMessage: ignoring unknown encoding -223
27/09/25 18:23:49 rfbProcessClientNormalMessage: ignoring unknown encoding 1101
27/09/25 18:23:49 rfbProcessClientNormalMessage: ignoring unknown encoding 1105
27/09/25 18:23:49 rfbProcessClientNormalMessage: ignoring unknown encoding 1107
27/09/25 18:23:49 rfbProcessClientNormalMessage: ignoring unknown encoding 1109
27/09/25 18:23:49 rfbProcessClientNormalMessage: ignoring unknown encoding 1110
27/09/25 18:23:49 Pixel format for client 192.168.65.1:
27/09/25 18:23:49   32 bpp, depth 32, little endian
27/09/25 18:23:49   true colour: max r 255 g 255 b 255, shift r 16 g 8 b 0
27/09/25 18:23:49 rfbProcessClientNormalMessage: ignoring unknown encoding 1011
27/09/25 18:23:49 rfbProcessClientNormalMessage: ignoring unknown encoding 1002
27/09/25 18:23:49 Using zlib encoding for client 192.168.65.1
27/09/25 18:23:49 rfbProcessClientNormalMessage: ignoring unknown encoding 16
27/09/25 18:23:49 Enabling full-color cursor updates for client 192.168.65.1
27/09/25 18:23:49 rfbProcessClientNormalMessage: ignoring unknown encoding 1104
27/09/25 18:23:49 rfbProcessClientNormalMessage: ignoring unknown encoding 1100
27/09/25 18:23:49 rfbProcessClientNormalMessage: ignoring unknown encoding -223
27/09/25 18:23:49 rfbProcessClientNormalMessage: ignoring unknown encoding 1101
27/09/25 18:23:49 rfbProcessClientNormalMessage: ignoring unknown encoding 1105
27/09/25 18:23:49 rfbProcessClientNormalMessage: ignoring unknown encoding 1107
27/09/25 18:23:49 rfbProcessClientNormalMessage: ignoring unknown encoding 1109
27/09/25 18:23:49 rfbProcessClientNormalMessage: ignoring unknown encoding 1110
27/09/25 18:24:29 Client 192.168.65.1 gone
27/09/25 18:24:29 Statistics:
27/09/25 18:24:29   key events received 90, pointer events 372
27/09/25 18:24:29   framebuffer updates 57, rectangles 92, bytes 23395
27/09/25 18:24:29     cursor shape updates 4, bytes 2010
27/09/25 18:24:29     zlib rectangles 88, bytes 21385
27/09/25 18:24:29   raw bytes equivalent 4159520, compression ratio 194.506430

27/09/25 18:24:33 Got connection from client 192.168.65.1
27/09/25 18:24:33 Using protocol version 3.3
27/09/25 18:24:33 Full-control authentication passed by 192.168.65.1
27/09/25 18:24:33 rfbProcessClientNormalMessage: ignoring unknown encoding 1011
27/09/25 18:24:33 rfbProcessClientNormalMessage: ignoring unknown encoding 1002
27/09/25 18:24:33 Using zlib encoding for client 192.168.65.1
27/09/25 18:24:33 rfbProcessClientNormalMessage: ignoring unknown encoding 16
27/09/25 18:24:33 Enabling full-color cursor updates for client 192.168.65.1
27/09/25 18:24:33 rfbProcessClientNormalMessage: ignoring unknown encoding 1104
27/09/25 18:24:33 rfbProcessClientNormalMessage: ignoring unknown encoding 1100
27/09/25 18:24:33 rfbProcessClientNormalMessage: ignoring unknown encoding -223
27/09/25 18:24:33 rfbProcessClientNormalMessage: ignoring unknown encoding 1101
27/09/25 18:24:33 rfbProcessClientNormalMessage: ignoring unknown encoding 1105
27/09/25 18:24:33 rfbProcessClientNormalMessage: ignoring unknown encoding 1107
27/09/25 18:24:33 rfbProcessClientNormalMessage: ignoring unknown encoding 1109
27/09/25 18:24:33 rfbProcessClientNormalMessage: ignoring unknown encoding 1110
27/09/25 18:24:33 Pixel format for client 192.168.65.1:
27/09/25 18:24:33   32 bpp, depth 32, little endian
27/09/25 18:24:33   true colour: max r 255 g 255 b 255, shift r 16 g 8 b 0
27/09/25 18:24:33 rfbProcessClientNormalMessage: ignoring unknown encoding 1011
27/09/25 18:24:33 rfbProcessClientNormalMessage: ignoring unknown encoding 1002
27/09/25 18:24:33 Using zlib encoding for client 192.168.65.1
27/09/25 18:24:33 rfbProcessClientNormalMessage: ignoring unknown encoding 16
27/09/25 18:24:33 Enabling full-color cursor updates for client 192.168.65.1
27/09/25 18:24:33 rfbProcessClientNormalMessage: ignoring unknown encoding 1104
27/09/25 18:24:33 rfbProcessClientNormalMessage: ignoring unknown encoding 1100
27/09/25 18:24:33 rfbProcessClientNormalMessage: ignoring unknown encoding -223
27/09/25 18:24:33 rfbProcessClientNormalMessage: ignoring unknown encoding 1101
27/09/25 18:24:33 rfbProcessClientNormalMessage: ignoring unknown encoding 1105
27/09/25 18:24:33 rfbProcessClientNormalMessage: ignoring unknown encoding 1107
27/09/25 18:24:33 rfbProcessClientNormalMessage: ignoring unknown encoding 1109
27/09/25 18:24:33 rfbProcessClientNormalMessage: ignoring unknown encoding 1110
27/09/25 18:24:54 Client 192.168.65.1 gone
27/09/25 18:24:54 Statistics:
27/09/25 18:24:54   key events received 114, pointer events 58
27/09/25 18:24:54   framebuffer updates 60, rectangles 87, bytes 20242
27/09/25 18:24:54     cursor shape updates 5, bytes 2630
27/09/25 18:24:54     zlib rectangles 82, bytes 17612
27/09/25 18:24:54   raw bytes equivalent 3287460, compression ratio 186.660232
