04/11/25 21:04:15 Xvnc version TightVNC-1.3.10
04/11/25 21:04:15 Copyright (C) 2000-2009 TightVNC Group
04/11/25 21:04:15 Copyright (C) 1999 AT&T Laboratories Cambridge
04/11/25 21:04:15 All Rights Reserved.
04/11/25 21:04:15 See http://www.tightvnc.com/ for information on TightVNC
04/11/25 21:04:15 Desktop name 'X' (d86b256b9da5:1)
04/11/25 21:04:15 Protocol versions supported: 3.3, 3.7, 3.8, 3.7t, 3.8t
04/11/25 21:04:15 Listening for VNC connections on TCP port 5901
Font directory '/usr/share/fonts/X11/Type1/' not found - ignoring
Font directory '/usr/share/fonts/X11/75dpi/' not found - ignoring
Font directory '/usr/share/fonts/X11/100dpi/' not found - ignoring
xrdb: No such file or directory
xrdb: can't open file '/home/user/.Xresources'

04/11/25 21:04:24 Got connection from client 192.168.65.1
04/11/25 21:04:24 Using protocol version 3.3
04/11/25 21:04:24 Full-control authentication passed by 192.168.65.1
04/11/25 21:04:24 rfbProcessClientNormalMessage: ignoring unknown encoding 1011
04/11/25 21:04:24 rfbProcessClientNormalMessage: ignoring unknown encoding 1002
04/11/25 21:04:24 Using zlib encoding for client 192.168.65.1
04/11/25 21:04:24 rfbProcessClientNormalMessage: ignoring unknown encoding 16
04/11/25 21:04:24 Enabling full-color cursor updates for client 192.168.65.1
04/11/25 21:04:24 rfbProcessClientNormalMessage: ignoring unknown encoding 1104
04/11/25 21:04:24 rfbProcessClientNormalMessage: ignoring unknown encoding 1100
04/11/25 21:04:24 rfbProcessClientNormalMessage: ignoring unknown encoding -223
04/11/25 21:04:24 rfbProcessClientNormalMessage: ignoring unknown encoding 1101
04/11/25 21:04:24 rfbProcessClientNormalMessage: ignoring unknown encoding 1105
04/11/25 21:04:24 rfbProcessClientNormalMessage: ignoring unknown encoding 1107
04/11/25 21:04:24 rfbProcessClientNormalMessage: ignoring unknown encoding 1109
04/11/25 21:04:24 rfbProcessClientNormalMessage: ignoring unknown encoding 1110
04/11/25 21:04:24 Pixel format for client 192.168.65.1:
04/11/25 21:04:24   32 bpp, depth 32, little endian
04/11/25 21:04:24   true colour: max r 255 g 255 b 255, shift r 16 g 8 b 0
04/11/25 21:04:24 rfbProcessClientNormalMessage: ignoring unknown encoding 1011
04/11/25 21:04:24 rfbProcessClientNormalMessage: ignoring unknown encoding 1002
04/11/25 21:04:24 Using zlib encoding for client 192.168.65.1
04/11/25 21:04:24 rfbProcessClientNormalMessage: ignoring unknown encoding 16
04/11/25 21:04:24 Enabling full-color cursor updates for client 192.168.65.1
04/11/25 21:04:24 rfbProcessClientNormalMessage: ignoring unknown encoding 1104
04/11/25 21:04:24 rfbProcessClientNormalMessage: ignoring unknown encoding 1100
04/11/25 21:04:24 rfbProcessClientNormalMessage: ignoring unknown encoding -223
04/11/25 21:04:24 rfbProcessClientNormalMessage: ignoring unknown encoding 1101
04/11/25 21:04:24 rfbProcessClientNormalMessage: ignoring unknown encoding 1105
04/11/25 21:04:24 rfbProcessClientNormalMessage: ignoring unknown encoding 1107
04/11/25 21:04:24 rfbProcessClientNormalMessage: ignoring unknown encoding 1109
04/11/25 21:04:24 rfbProcessClientNormalMessage: ignoring unknown encoding 1110
08/11/25 21:17:20 Client 192.168.65.1 gone
08/11/25 21:17:20 Statistics:
08/11/25 21:17:20   key events received 1403, pointer events 78404
08/11/25 21:17:20   framebuffer updates 64966, rectangles 197881, bytes 144135847
08/11/25 21:17:20     cursor shape updates 935, bytes 762332
08/11/25 21:17:20     raw rectangles 10103, bytes 212120
08/11/25 21:17:20     zlib rectangles 186843, bytes 143161395
08/11/25 21:17:20   raw bytes equivalent 1651680184, compression ratio 11.520121
